<?xml version="1.0" encoding="UTF-8"?>
<!-- Generated by org.testng.reporters.JUnitXMLReporter -->
<testsuite ignored="0" hostname="LAPTOP-16NA0FI5" failures="1" tests="1" name="User API Tests" time="3.642" errors="0" timestamp="2025-06-08T23:14:55 GMT-04:00">
  <testcase classname="tests.test03" name="userAPITests" time="2.989">
    <failure type="java.lang.AssertionError" message="Status code mismatch expected [201] but found [409]">
      <![CDATA[java.lang.AssertionError: Status code mismatch expected [201] but found [409]
at tests.test03.userAPITests(test03.java:79)
at java.base/java.util.ArrayList.forEach(ArrayList.java:1597)
... Removed 31 stack frames]]>
    </failure>
  </testcase> <!-- userAPITests -->
</testsuite> <!-- User API Tests -->
